time="2020-01-31T07:01:44Z" level=info msg="Loading Secrets" _source="config/secrets.go:9"
time="2020-01-31T07:01:44Z" level=info msg="Loading Secrets" _source="config/secrets.go:9"
time="2020-01-31T07:01:44Z" level=info msg="Loading Secrets" _source="config/secrets.go:9"
time="2020-01-31T07:01:44Z" level=info msg="Starting Destiny Arena API" _source="api/main.go:16"
time="2020-01-31T07:01:44Z" level=info msg="Loading SQL Config" _source="config/sqlconfig.go:9"
time="2020-01-31T07:01:44Z" level=info msg="Registring Group /api/oauth" _source="oauth/oauth.go:13"
time="2020-01-31T07:01:44Z" level=info msg="Registering GET /api/oauth/discord/authurl" _source="discord/main.go:24"
time="2020-01-31T07:01:44Z" level=info msg="Registering GET /api/oauth/discord/callback" _source="discord/main.go:27"
time="2020-01-31T07:01:44Z" level=info msg="Registering GET /api/oauth/faceit/authurl" _source="faceit/main.go:24"
time="2020-01-31T07:01:44Z" level=info msg="Registering GET /api/oauth/faceit/callback" _source="faceit/main.go:26"
time="2020-01-31T07:01:44Z" level=info msg="Registering GET /api/oauth/bungie/authurl" _source="bungie/main.go:24"
time="2020-01-31T07:01:44Z" level=info msg="Registering GET /api/oauth/bungie/callback" _source="bungie/main.go:26"
time="2020-01-31T07:01:44Z" level=info msg="Registering POST /api/registration" _source="registration/main.go:18"
time="2020-01-31T07:01:44Z" level=info msg="Loading HTTP Config" _source="config/httpserver.go:8"
time="2020-01-31T07:01:44Z" level=info msg="Running with HOST: 0.0.0.0 PORT: 8888" _source="api/main.go:33"

   ____    __
  / __/___/ /  ___
 / _// __/ _ \/ _ \
/___/\__/_//_/\___/ v4.1.14
High performance, minimalist Go web framework
https://echo.labstack.com
____________________________________O/_______
                                    O\
⇨ http server started on [::]:8888
